-227.191263 -11.309563 1
820.779524 41.088976 1
-317.171261 -15.808563 3
869.616120 43.530806 1
820.830448 41.091522 3
-696.951935 -34.797597 3
296.932372 14.896619 3
-360.382788 -17.969139 3
863.602207 43.230110 1
-652.079558 -32.553978 3
-976.854102 -48.792705 3
-909.503991 -45.425200 3
281.249415 14.112471 3
-686.442409 -34.272120 1
483.022959 24.201148 1
389.097734 19.504887 1
-510.315416 -25.465771 1
-152.663888 -7.583194 3
872.946997 43.697350 3
809.664329 40.533216 1
90.259075 4.562954 1
521.929224 26.146461 3
-905.649023 -45.232451 3
769.322707 38.516135 3
-996.061630 -49.753081 3
-664.786902 -33.189345 1
-993.933428 -49.646671 3
-72.186853 -3.559343 3
-288.000972 -14.350049 1
-144.485538 -7.174277 1
-222.015563 -11.050778 1
-416.236574 -20.761829 3
-506.376013 -25.268801 3
558.036299 27.951815 1
-535.737969 -26.736898 1
-99.946874 -4.947344 1
-519.436737 -25.921837 3
-136.326558 -6.766328 1
720.578073 36.078904 1
-544.665987 -27.183299 1
158.288900 7.964445 3
-821.965259 -41.048263 3
468.996997 23.499850 3
-579.677714 -28.933886 1
274.213805 13.760690 3
-42.027901 -2.051395 3
48.296471 2.464824 1
679.665382 34.033269 3
-2.005509 -0.050275 2
-185.217901 -9.210895 1
58.742690 2.987135 1
544.744338 27.287217 1
-35.923486 -1.746174 1
920.264086 46.063204 1
705.063600 35.303180 1
-96.185375 -4.759269 1
847.110108 42.405505 1
899.055901 45.002795 1
-287.079058 -14.303953 3
-252.889904 -12.594495 1
-442.721699 -22.086085 3
443.635863 22.231793 1
909.229753 45.511488 1
-278.124692 -13.856235 1
-68.314311 -3.365716 3
-425.522026 -21.226101 3
-782.291340 -39.064567 3
-472.863327 -23.593166 3
591.433029 29.621651 1
-737.936958 -36.846848 3
-332.314397 -16.565720 1
69.397647 3.519882 1
153.179823 7.708991 1
493.857785 24.742889 1
-683.127928 -34.106396 3
419.581784 21.029089 3
514.685814 25.784291 3
-76.788066 -3.789403 3
157.504575 7.925229 1
817.680063 40.934003 1
520.221700 26.061085 1
-767.052478 -38.302624 1
809.433853 40.521693 1
-614.542685 -30.677134 3
140.729706 7.086485 1
627.504679 31.425234 1
-688.015716 -34.350786 1
-949.566556 -47.428328 3
-21.864097 -1.043205 3
-793.412375 -39.620619 1
-934.754900 -46.687745 3
874.449714 43.772486 1
996.293458 49.864673 1
-493.733227 -24.636661 3
-761.122061 -38.006103 1
-666.400173 -33.270009 3
-168.637177 -8.381859 1
-309.998949 -15.449947 1
-930.957862 -46.497893 3
521.053705 26.102685 1
-104.974888 -5.198744 1
351.583211 17.629161 3
429.742497 21.537125 1
-402.895278 -20.094764 1
-638.530859 -31.876543 3
192.466523 9.673326 1
-506.695892 -25.284795 1
573.377064 28.718853 1
593.586341 29.729317 1
-312.018157 -15.550908 1
-916.299456 -45.764973 3
434.040963 21.752048 3
487.213541 24.410677 1
-316.700630 -15.785032 1
725.978905 36.348945 3
386.682646 19.384132 1
-259.454235 -12.922712 1
584.540488 29.277024 1
734.571774 36.778589 1
-980.857262 -48.992863 3
-826.561427 -41.278071 3
571.231852 28.611593 1
659.130400 33.006520 1
-26.426074 -1.271304 3
89.806128 4.540306 1
564.290046 28.264502 3
760.849780 38.092489 1
95.447312 4.822366 3
227.659640 11.432982 1
280.679737 14.083987 3
547.026826 27.401341 1
-176.101793 -8.755090 1
-964.586228 -48.179311 3
-499.265143 -24.913257 3
-86.914768 -4.295738 3
-447.952349 -22.347617 3
-583.447099 -29.122355 1
885.923313 44.346166 1
493.542052 24.727103 1
-481.387443 -24.019372 1
-4.224526 -0.161226 3
488.172864 24.458643 3
-700.387563 -34.969378 3
-297.832958 -14.841648 1
241.543251 12.127163 3
-897.952663 -44.847633 3
742.168909 37.158445 3
38.696877 1.984844 1
283.239033 14.211952 1
137.850773 6.942539 3
51.666048 2.633302 1
441.993877 22.149694 1
-839.756294 -41.937815 1
-454.506489 -22.675324 3
821.036738 41.101837 1
966.726730 48.386337 1
-922.500090 -46.075004 1
-625.379889 -31.218994 3
-25.940086 -1.247004 3
-715.345885 -35.717294 3
-616.690955 -30.784548 3
16.298172 0.864909 3
983.459945 49.222997 1
911.262568 45.613128 3
-229.065034 -11.403252 3
204.429648 10.271482 3
686.396782 34.369839 1
-142.886184 -7.094309 1
-27.555157 -1.327758 3
79.313996 4.015700 1
829.636062 41.531803 1
287.408650 14.420433 1
669.271689 33.513584 1
-340.212082 -16.960604 3
491.405147 24.620257 1
15.207632 0.810382 3
-942.583184 -47.079159 1
-706.968707 -35.298435 1
634.273445 31.763672 1
-788.312073 -39.365604 1
259.398538 13.019927 1
-298.212411 -14.860621 1
-263.263297 -13.113165 3
101.072519 5.103626 1
145.570617 7.328531 3
-822.949094 -41.097455 3
36.894675 1.894734 3
-831.181859 -41.509093 1
785.003312 39.300166 1
-768.863175 -38.393159 3
982.031760 49.151588 1
-913.439936 -45.621997 3
-105.931007 -5.246550 3
-3.549581 -0.127479 2
170.721647 8.586082 3
-119.411479 -5.920574 1
735.957307 36.847865 3
614.706085 30.785304 1
-746.261240 -37.263062 1
549.875329 27.543766 3
237.809370 11.940469 3
735.505025 36.825251 3
30.006456 1.550323 1
805.825751 40.341288 3
302.915999 15.195800 3
-42.138481 -2.056924 3
-668.695390 -33.384770 3
-362.098617 -18.054931 1
582.860197 29.193010 1
-617.044167 -30.802208 3
319.007548 16.000377 3
669.388129 33.519406 3
-727.471887 -36.323594 3
-4.949182 -0.197459 1
492.446390 24.672319 1
127.772352 6.438618 1
-151.047127 -7.502356 1
313.409948 15.720497 3
-51.903335 -2.545167 3
30.855931 1.592797 3
852.809414 42.690471 1
880.938445 44.096922 1
444.031708 22.251585 3
423.805856 21.240293 1
58.513310 2.975666 1
657.800055 32.940003 1
-853.731086 -42.636554 3
-489.852965 -24.442648 1
107.301936 5.415097 3
-913.179660 -45.608983 3
-120.685441 -5.984272 1
641.506301 32.125315 1
-736.401861 -36.770093 3
-911.078086 -45.503904 3
255.119558 12.805978 3
842.212360 42.160618 3
749.289281 37.514464 3
-313.146012 -15.607301 1
299.930084 15.046504 1
647.163379 32.408169 1
-128.357602 -6.367880 1
73.809201 3.740460 3
-369.357248 -18.417862 1
465.756069 23.337803 1
-607.104894 -30.305245 1
-672.246514 -33.562326 1
983.269266 49.213463 3
-313.316302 -15.615815 1
-1.504232 -0.025212 3
-232.960352 -11.598018 1
-486.276671 -24.263834 3
-971.896571 -48.544829 3
-462.479879 -23.073994 3
-273.763544 -13.638177 3
666.621371 33.381069 1
-465.529751 -23.226488 3
977.834366 48.941718 1
-119.861929 -5.943096 1
-204.385630 -10.169282 1
849.967928 42.548396 1
269.048726 13.502436 3
-411.325386 -20.516269 1
-212.466455 -10.573323 1
-127.304692 -6.315235 3
-781.970103 -39.048505 3
516.915897 25.895795 3
523.652314 26.232616 3
-482.214309 -24.060715 3
47.601446 2.430072 1
-287.172261 -14.308613 1
-409.712314 -20.435616 3
-690.767555 -34.488378 3
396.767246 19.888362 3
-523.591229 -26.129561 3
398.223921 19.961196 3
-281.430232 -14.021512 1
-178.898312 -8.894916 1
-819.619154 -40.930958 3
80.050476 4.052524 1
610.132348 30.556617 1
-877.154597 -43.807730 1
-671.673874 -33.533694 3
460.230964 23.061548 3
-491.587558 -24.529378 3
-387.850081 -19.342504 1
-783.125930 -39.106296 3
967.089657 48.404483 3
91.396387 4.619819 3
-595.013141 -29.700657 3
890.655075 44.582754 1
906.724026 45.386201 1
-67.473470 -3.323674 3
896.402418 44.870121 1
194.533985 9.776699 1
73.621660 3.731083 3
-49.772635 -2.438632 3
-892.617620 -44.580881 3
271.205559 13.610278 3
-999.287565 -49.914378 1
754.671147 37.783557 1
-999.961957 -49.948098 1
704.181395 35.259070 1
892.217842 44.660892 1
441.745681 22.137284 1
-264.747301 -13.187365 1
-26.836992 -1.291850 3
-805.911283 -40.245564 3
-29.307029 -1.415351 3
-464.221759 -23.161088 3
66.413968 3.370698 1
943.513259 47.225663 1
54.059274 2.752964 3
-370.266395 -18.463320 1
-840.004114 -41.950206 3
859.178631 43.008932 1
180.483871 9.074194 3
852.146519 42.657326 1
-823.181805 -41.109090 3
-381.432580 -19.021629 1
906.032006 45.351600 3
122.142042 6.157102 3
660.332138 33.066607 1
402.762524 20.188126 1
-529.614411 -26.430721 3
182.714470 9.185723 3
-530.937027 -26.496851 1
-124.258613 -6.162931 3
-308.986702 -15.399335 1
-384.495506 -19.174775 3
642.829677 32.191484 1
-416.721772 -20.786089 3
-966.360134 -48.268007 1
-484.193286 -24.159664 3
302.736307 15.186815 3
480.506791 24.075340 3
-506.200059 -25.260003 3
72.712304 3.685615 1
981.121387 49.106069 1
-376.990793 -18.799540 1
-387.911493 -19.345575 1
648.494164 32.474708 3
-95.298435 -4.714922 1
17.555971 0.927799 1
223.333641 11.216682 3
-199.459410 -9.922970 1
-231.758022 -11.537901 1
799.121038 40.006052 1
-27.699991 -1.335000 3
690.633822 34.581691 3
-491.287230 -24.514361 1
449.077428 22.503871 1
328.780777 16.489039 3
378.377980 18.968899 3
-548.601256 -27.380063 3
352.955396 17.697770 3
-84.596510 -4.179826 3
-16.853430 -0.792672 1
327.006302 16.400315 3
891.374850 44.618742 1
330.469661 16.573483 3
-231.858109 -11.542905 1
-369.320415 -18.416021 1
282.721486 14.186074 1
660.943499 33.097175 1
286.917469 14.395873 3
665.845915 33.342296 3
-323.508071 -16.125404 1
-378.632934 -18.881647 1
-601.142702 -30.007135 1
870.146424 43.557321 1
-150.593117 -7.479656 3
305.900070 15.345003 3
-611.311116 -30.515556 3
-629.760659 -31.438033 3
709.384544 35.519227 3
-922.606168 -46.080308 3
-990.993236 -49.499662 3
536.608792 26.880440 3
-872.044086 -43.552204 3
-430.656508 -21.482825 3
237.084977 11.904249 3
796.779234 39.888962 1
-110.656285 -5.482814 1
-974.619428 -48.680971 3
716.577451 35.878873 1
-320.053950 -15.952698 1
-260.089531 -12.954477 1
-630.633983 -31.481699 3
-581.444459 -29.022223 1
355.293009 17.814650 3
830.523780 41.576189 1
441.266238 22.113312 1
-469.185216 -23.409261 1
598.552791 29.977640 3
502.804839 25.190242 3
131.922789 6.646139 3
-629.868252 -31.443413 1
-740.650355 -36.982518 3
220.055118 11.052756 1
-430.073488 -21.453674 3
116.600498 5.880025 3
-818.677656 -40.883883 3
-573.486995 -28.624350 1
-384.999280 -19.199964 3
933.536084 46.726804 3
840.596503 42.079825 1
-698.511414 -34.875571 3
6.390790 0.369539 3
-916.325154 -45.766258 3
486.796929 24.389846 3
-545.413407 -27.220670 3
-481.083777 -24.004189 3
-528.232397 -26.361620 3
229.242868 11.512143 3
-68.290531 -3.364527 3
-416.095907 -20.754795 1
-510.084308 -25.454215 3
-277.370131 -13.818507 1
-940.648913 -46.982446 3
-600.491463 -29.974573 1
-585.398361 -29.219918 3
353.896573 17.744829 3
-416.659716 -20.782986 3
-271.228792 -13.511440 1
220.440146 11.072007 3
580.236585 29.061829 1
-922.835136 -46.091757 3
-935.080247 -46.704012 1
-868.750436 -43.387522 1
-557.154636 -27.807732 1
557.495559 27.924778 1
-463.844203 -23.142210 1
715.590255 35.829513 3
312.266966 15.663348 1
891.178402 44.608920 1
-581.252561 -29.012628 3
-562.667710 -28.083386 3
-127.155429 -6.307771 3
-393.830345 -19.641517 3
958.504400 47.975220 1
-195.857449 -9.742872 3
-928.408492 -46.370425 3
-271.672804 -13.533640 3
-234.067224 -11.653361 3
187.899026 9.444951 1
-763.704122 -38.135206 1
317.517269 15.925863 3
-67.051202 -3.302560 3
835.067080 41.803354 1
-915.099086 -45.704954 3
382.498058 19.174903 1
-971.995448 -48.549772 3
217.205506 10.910275 1
495.219112 24.810956 1
622.357636 31.167882 1
-425.452452 -21.222623 3
925.763082 46.338154 1
279.773574 14.038679 3
376.107596 18.855380 3
-285.119412 -14.205971 1
-463.988659 -23.149433 3
-497.318223 -24.815911 1
-375.348887 -18.717444 1
572.171322 28.658566 3
-917.778553 -45.838928 3
854.781383 42.789069 3
337.627872 16.931394 1
385.624364 19.331218 3
-22.559011 -1.077951 3
-788.021395 -39.351070 3
631.339495 31.616975 1
637.073001 31.903650 1
128.021387 6.451069 3
-686.006214 -34.250311 3
-966.763349 -48.288167 3
672.564983 33.678249 1
835.801459 41.840073 1
292.908576 14.695429 3
-327.319091 -16.315955 3
922.612525 46.180626 1
-931.955415 -46.547771 3
-620.456452 -30.972823 1
-41.240647 -2.012032 1
497.563214 24.928161 1
-649.804009 -32.440200 1
838.505559 41.975278 1
646.101267 32.355063 1
-481.889448 -24.044472 1
-557.084034 -27.804202 3
375.694600 18.834730 1
111.585151 5.629258 1
-305.223287 -15.211164 1
-107.176123 -5.308806 1
-566.608099 -28.280405 1
70.357132 3.567857 1
-706.375536 -35.268777 3
-735.840340 -36.742017 1
-238.146235 -11.857312 1
579.399255 29.019963 1
755.306037 37.815302 1
95.061035 4.803052 3
570.736098 28.586805 1
137.076450 6.903823 3
693.792782 34.739639 3
326.132373 16.356619 3
-536.855373 -26.792769 1
-468.243375 -23.362169 1
-573.597210 -28.629861 3
-30.763953 -1.488198 3
-428.208356 -21.360418 3
-292.009870 -14.550494 1
120.359812 6.067991 3
322.352748 16.167637 3
-24.908574 -1.195429 1
-960.738107 -47.986905 1
932.805372 46.690269 1
805.207602 40.310380 3
-896.976834 -44.798842 1
736.673266 36.883663 1
-627.054243 -31.302712 3
628.750843 31.487542 1
-842.358856 -42.067943 3
340.569554 17.078478 1
-520.265164 -25.963258 1
-306.141212 -15.257061 1
-495.603423 -24.730171 3
793.688597 39.734430 3
113.447534 5.722377 3
620.694654 31.084733 1
-815.709430 -40.735472 1
14.598682 0.779934 3
4.155152 0.257758 2
840.480291 42.074015 1
-423.606764 -21.130338 1
-956.864789 -47.793239 3
-267.096250 -13.304812 1
-131.850756 -6.542538 1
502.353497 25.167675 1
-995.399609 -49.719980 1
-130.843187 -6.492159 1
-231.732067 -11.536603 3
376.381231 18.869062 1
297.683564 14.934178 3
15.783169 0.839158 3
304.598101 15.279905 3
640.175299 32.058765 3
-441.035059 -22.001753 3
-626.152170 -31.257608 1
-532.710548 -26.585527 1
-773.476827 -38.623841 1
911.518268 45.625913 1
-121.263989 -6.013199 1
50.616792 2.580840 1
454.742211 22.787111 1
677.369811 33.918491 3
265.228830 13.311441 3
-757.693344 -37.834667 3
718.786410 35.989321 1
626.240566 31.362028 1
576.074764 28.853738 1
180.429282 9.071464 3
101.729064 5.136453 1
-604.463098 -30.173155 3
-79.821453 -3.941073 3
-142.468018 -7.073401 3
841.552790 42.127640 1
-373.381078 -18.619054 1
765.178718 38.308936 1
296.655890 14.882795 3
-639.488318 -31.924416 1
657.904713 32.945236 1
-904.126587 -45.156329 1
226.022796 11.351140 3
-323.707522 -16.135376 1
-530.299426 -26.464971 1
-93.851872 -4.642594 3
478.472129 23.973606 3
384.615030 19.280752 3
-839.708123 -41.935406 1
-406.704753 -20.285238 3
-941.911111 -47.045556 3
464.378949 23.268947 1
-902.215050 -45.060752 3
-761.308749 -38.015437 1
802.749303 40.187465 1
172.492952 8.674648 3
-968.072363 -48.353618 3
216.646628 10.882331 3
181.053000 9.102650 3
-134.191469 -6.659573 1
182.217992 9.160900 3
26.472424 1.373621 1
39.779224 2.038961 1
-28.431223 -1.371561 1
-336.784322 -16.789216 1
-470.417320 -23.470866 1
-402.543723 -20.077186 3
-168.262931 -8.363147 1
382.955293 19.197765 1
-927.418299 -46.320915 3
-813.240111 -40.612006 3
-494.090224 -24.654511 3
677.202982 33.910149 1
-778.928126 -38.896406 1
-857.275665 -42.813783 3
301.656963 15.132848 3
-286.248697 -14.262435 1
386.477850 19.373892 1
-515.706224 -25.735311 3
-465.041820 -23.202091 3
-57.636819 -2.831841 3
786.241753 39.362088 1
976.986097 48.899305 1
-319.948799 -15.947440 3
-422.953450 -21.097672 3
472.033516 23.651676 1
309.777001 15.538850 3
480.925845 24.096292 1
-729.721684 -36.436084 3
705.521340 35.326067 3
682.268344 34.163417 1
-499.003802 -24.900190 1
-781.365182 -39.018259 3
-997.963678 -49.848184 3
-560.880268 -27.994013 3
511.648811 25.632441 1
-796.463176 -39.773159 1
160.223991 8.061200 3
415.501535 20.825077 1
297.872357 14.943618 3
-865.006375 -43.200319 3
861.087880 43.104394 1
-630.618556 -31.480928 3
572.525983 28.676299 1
-788.647680 -39.382384 3
-890.358575 -44.467929 3
-234.060590 -11.653029 1
-377.956436 -18.847822 1
529.970699 26.548535 3
-363.821688 -18.141084 1
-603.734287 -30.136714 3
818.826968 40.991348 1
892.421730 44.671087 1
180.832533 9.091627 1
78.718573 3.985929 1
931.198444 46.609922 1
-242.383589 -12.069179 1
419.488057 21.024403 1
-778.424869 -38.871243 3
219.092200 11.004610 3
-695.871495 -34.743575 3
991.891731 49.644587 1
-264.721504 -13.186075 1
534.593192 26.779660 1
-780.856667 -38.992833 1
554.424406 27.771220 1
368.389461 18.469473 1
-194.900336 -9.695017 1
-376.475826 -18.773791 1
-274.045690 -13.652285 1
-309.842780 -15.442139 1
-587.365985 -29.318299 3
180.014570 9.050729 3
192.673224 9.683661 3
-49.294402 -2.414720 3
369.323977 18.516199 3
686.074509 34.353725 1
-958.079289 -47.853964 3
470.601578 23.580079 1
169.215191 8.510760 1
875.006606 43.800330 3
-711.900419 -35.545021 3
41.015050 2.100752 1
995.355559 49.817778 1
72.201712 3.660086 1
-722.231138 -36.061557 3
562.773297 28.188665 1
-275.157417 -13.707871 1
898.456242 44.972812 1
-583.882003 -29.144100 3
411.234122 20.611706 3
847.117760 42.405888 1
-660.779483 -32.988974 3
-640.140269 -31.957013 1
957.139908 47.906995 1
22.231015 1.161551 3
687.876100 34.443805 1
931.728874 46.636444 1
-335.130489 -16.706524 1
-550.225020 -27.461251 3
-569.297070 -28.414853 3
-467.180598 -23.309030 1
332.854100 16.692705 3
-797.104003 -39.805200 3
-323.491971 -16.124599 3
-77.964649 -3.848232 3
-912.513804 -45.575690 1
174.526282 8.776314 3
262.533867 13.176693 3
-209.895373 -10.444769 3
817.594252 40.929713 1
-582.702296 -29.085115 3
-407.231828 -20.311591 1
-76.139985 -3.756999 3
946.384155 47.369208 1
994.091161 49.754558 3
-785.225910 -39.211296 1
-261.760025 -13.038001 3
697.563948 34.928197 1
907.945830 45.447292 1
523.820098 26.241005 1
278.860447 13.993022 3
-268.795681 -13.389784 1
-426.689201 -21.284460 3
128.377810 6.468890 3
-332.442820 -16.572141 1
4.631521 0.281576 2
-446.678330 -22.283916 3
686.847539 34.392377 3
12.236097 0.661805 3
12.646023 0.682301 3
-456.235521 -22.761776 1
381.596037 19.129802 3
-373.298952 -18.614948 1
-933.227179 -46.611359 3
-205.692366 -10.234618 3
126.051357 6.352568 3
866.983871 43.399194 1
129.611924 6.530596 3
-489.589060 -24.429453 3
101.676712 5.133836 3
172.936611 8.696831 3
-716.060565 -35.753028 3
562.304834 28.165242 1
-565.071322 -28.203566 1
-81.543212 -4.027161 3
198.166773 9.958339 3
580.663352 29.083168 3
674.982759 33.799138 1
238.651246 11.982562 3
-680.495657 -33.974783 1
-51.863615 -2.543181 3
47.033393 2.401670 1
49.531174 2.526559 3
-728.644757 -36.382238 3
-476.816796 -23.790840 3
601.970031 30.148502 1
251.916527 12.645826 3
-64.117525 -3.155876 3
-19.321445 -0.916072 1
-977.954936 -48.847747 3
593.278487 29.713924 1
-695.121704 -34.706085 1
251.828678 12.641434 1
579.883870 29.044194 1
86.501448 4.375072 3
-783.057796 -39.102890 1
552.961287 27.698064 1
405.471333 20.323567 3
-955.372094 -47.718605 3
20.836991 1.091850 3
463.167591 23.208380 3
66.536127 3.376806 1
-596.025940 -29.751297 3
-170.892238 -8.494612 1
-760.114103 -37.955705 3
619.552705 31.027635 3
892.512439 44.675622 1
-224.539005 -11.176950 1
844.755124 42.287756 1
253.134362 12.706718 1
61.859450 3.142973 1
534.753189 26.787659 3
-983.929269 -49.146463 3
-938.500543 -46.875027 3
149.680500 7.534025 3
269.827023 13.541351 3
924.501067 46.275053 1
-528.690988 -26.384549 1
-104.940835 -5.197042 3
-934.466806 -46.673340 3
871.694506 43.634725 1
-947.936979 -47.346849 3
-288.309875 -14.365494 1
489.608246 24.530412 3
250.973201 12.598660 1
359.416419 18.020821 3
677.166606 33.908330 1
69.732947 3.536647 1
-313.293099 -15.614655 1
260.372174 13.068609 1
9.139189 0.506959 1
-906.361564 -45.268078 3
96.612675 4.880634 1
-970.650734 -48.482537 1
-775.013125 -38.700656 3
-125.754731 -6.237737 1
907.368006 45.418400 1
-210.171099 -10.458555 1
-796.465812 -39.773291 3
-896.610817 -44.780541 3
325.156381 16.307819 3
-966.292550 -48.264627 3
-611.761987 -30.538099 3
-610.458479 -30.472924 3
799.860257 40.043013 1
-65.049565 -3.202478 3
316.902627 15.895131 3
867.987283 43.449364 1
404.805847 20.290292 1
691.762061 34.638103 3
505.389967 25.319498 1
-695.612881 -34.730644 3
-679.919277 -33.945964 3
-430.856593 -21.492830 1
303.361524 15.218076 3
664.636926 33.281846 3
-168.552641 -8.377632 1
340.245899 17.062295 3
-104.714439 -5.185722 1
76.708374 3.885419 1
-158.945191 -7.897260 1
-363.149652 -18.107483 3
-888.759751 -44.387988 1
-629.918554 -31.445928 3
438.994543 21.999727 1
567.297728 28.414886 1
357.732049 17.936602 1
145.379745 7.318987 3
22.415322 1.170766 3
-545.601184 -27.230059 3
-299.993285 -14.949664 1
-749.575465 -37.428773 3
-737.597926 -36.829896 3
-60.314479 -2.965724 1
812.125646 40.656282 1
-350.571611 -17.478581 3
687.385242 34.419262 3
743.770985 37.238549 1
-660.542610 -32.977131 3
-757.758366 -37.837918 3
435.304910 21.815245 1
123.451550 6.222577 3
492.666897 24.683345 3
276.812976 13.890649 1
-343.262618 -17.113131 3
20.832021 1.091601 1
118.501653 5.975083 3
-499.899263 -24.944963 3
189.945965 9.547298 3
400.467095 20.073355 3
-708.607600 -35.380380 3
-265.556552 -13.227828 1
805.881090 40.344054 1
346.285724 17.364286 3
-139.467478 -6.923374 3
513.782272 25.739114 1
-792.661838 -39.583092 1
-784.999563 -39.199978 3
-77.391700 -3.819585 3
-242.422608 -12.071130 1
751.202721 37.610136 1
412.607976 20.680399 1
941.844465 47.142223 1
-180.788321 -8.989416 3
-298.581154 -14.879058 3
-217.004888 -10.800244 1
656.650969 32.882548 3
-374.906211 -18.695311 1
607.204160 30.410208 1
51.889179 2.644459 1
273.422924 13.721146 3
830.659831 41.582992 1
-294.505214 -14.675261 1
-395.469368 -19.723468 3
770.530098 38.576505 1
-102.681839 -5.084092 1
318.922553 15.996128 1
107.131313 5.406566 3
-638.453006 -31.872650 1
438.637253 21.981863 3
-589.361522 -29.418076 3
-57.679596 -2.833980 1
213.719045 10.735952 3
613.925036 30.746252 1
831.021973 41.601099 1
39.532396 2.026620 1
-41.035259 -2.001763 3
958.223445 47.961172 1
-845.257649 -42.212882 3
-929.326404 -46.416320 3
632.076917 31.653846 1
979.621211 49.031061 1
183.514817 9.225741 3
-880.217405 -43.960870 3
674.335503 33.766775 3
758.634364 37.981718 1
-911.666671 -45.533334 3
-990.748963 -49.487448 3
595.497505 29.824875 3
-833.363356 -41.618168 3
-736.045445 -36.752272 3
-631.048384 -31.502419 1
-442.471081 -22.073554 3
-250.343210 -12.467160 1
-75.383335 -3.719167 3
296.059325 14.852966 1
266.868321 13.393416 1
813.596595 40.729830 1
159.312084 8.015604 3
-268.193236 -13.359662 1
-669.423702 -33.421185 1
517.710622 25.935531 1
-785.491592 -39.224580 3
-12.639310 -0.581965 1
644.029806 32.251490 1
858.033943 42.951697 1
320.974680 16.098734 3
-224.205547 -11.160277 3
350.434850 17.571742 3
-360.638007 -17.981900 1
580.281875 29.064094 1
-548.771405 -27.388570 3
213.777226 10.738861 3
713.267286 35.713364 1
157.483805 7.924190 3
-157.900450 -7.845022 3
-692.382898 -34.569145 3
586.008501 29.350425 1
551.767757 27.638388 3
-29.145948 -1.407297 3
897.270483 44.913524 3
792.195178 39.659759 3
377.885293 18.944265 1
-498.939748 -24.896987 3
463.883159 23.244158 1
576.588312 28.879416 1
-369.489420 -18.424471 1
-556.523049 -27.776152 1
-790.725696 -39.486285 1
-983.885768 -49.144288 1
-776.456422 -38.772821 1
-508.052519 -25.352626 3
814.706685 40.785334 1
-655.851486 -32.742574 1
7.414974 0.420749 3
-922.197361 -46.059868 3
79.167431 4.008372 1
418.454514 20.972726 1
-751.097877 -37.504894 3
-109.635789 -5.431789 3
648.331170 32.466558 3
-333.800299 -16.640015 1
-81.605924 -4.030296 1
867.042823 43.402141 1
473.859394 23.742970 1
-398.729121 -19.886456 3
-934.660068 -46.683003 3
-75.629698 -3.731485 1
-613.301767 -30.615088 3
931.640930 46.632046 1
462.720251 23.186013 1
-355.429772 -17.721489 1
-999.645971 -49.932299 3
-364.744761 -18.187238 1
24.470271 1.273514 1
458.344494 22.967225 1
649.703436 32.535172 1
-235.825800 -11.741290 3
-578.388188 -28.869409 1
6.975849 0.398792 3
-321.450480 -16.022524 1
-4.774187 -0.188709 3
759.202683 38.010134 1
-93.606359 -4.630318 1
170.546161 8.577308 1
703.932367 35.246618 3
-94.721156 -4.686058 1
273.291112 13.714556 3
-599.671552 -29.933578 1
-173.164100 -8.608205 1
-186.099969 -9.254998 3
-864.322342 -43.166117 3
611.289060 30.614453 3
772.610677 38.680534 1
-166.958609 -8.297930 3
-544.465241 -27.173262 3
726.897283 36.394864 1
469.826199 23.541310 3
-839.061018 -41.903051 3
-841.208700 -42.010435 3
-447.202013 -22.310101 1
-875.786980 -43.739349 3
-483.964680 -24.148234 3
831.600267 41.630013 1
-623.323866 -31.116193 3
987.111428 49.405571 1
-914.349930 -45.667497 3
132.098990 6.654949 1
-760.430297 -37.971515 3
