-227.191263 -11.309563 2
820.779524 41.088976 2
-317.171261 -15.808563 3
869.616120 43.530806 2
820.830448 41.091522 3
-696.951935 -34.797597 2
296.932372 14.896619 2
-360.382788 -17.969139 2
863.602207 43.230110 2
-652.079558 -32.553978 2
-976.854102 -48.792705 2
-909.503991 -45.425200 2
281.249415 14.112471 2
-686.442409 -34.272120 1
483.022959 24.201148 2
389.097734 19.504887 2
-510.315416 -25.465771 1
-152.663888 -7.583194 3
872.946997 43.697350 3
809.664329 40.533216 2
90.259075 4.562954 1
521.929224 26.146461 3
-905.649023 -45.232451 2
769.322707 38.516135 3
-996.061630 -49.753081 2
-664.786902 -33.189345 1
-993.933428 -49.646671 2
-72.186853 -3.559343 2
-288.000972 -14.350049 2
-144.485538 -7.174277 2
-222.015563 -11.050778 2
-416.236574 -20.761829 2
-506.376013 -25.268801 2
558.036299 27.951815 2
-535.737969 -26.736898 1
-99.946874 -4.947344 2
-519.436737 -25.921837 2
-136.326558 -6.766328 2
720.578073 36.078904 2
-544.665987 -27.183299 1
158.288900 7.964445 2
-821.965259 -41.048263 2
468.996997 23.499850 3
-579.677714 -28.933886 1
274.213805 13.760690 2
-42.027901 -2.051395 2
48.296471 2.464824 2
679.665382 34.033269 3
-2.005509 -0.050275 2
-185.217901 -9.210895 2
58.742690 2.987135 2
544.744338 27.287217 2
-35.923486 -1.746174 1
920.264086 46.063204 2
705.063600 35.303180 2
-96.185375 -4.759269 2
847.110108 42.405505 2
899.055901 45.002795 2
-287.079058 -14.303953 3
-252.889904 -12.594495 2
-442.721699 -22.086085 2
443.635863 22.231793 2
909.229753 45.511488 2
-278.124692 -13.856235 2
-68.314311 -3.365716 2
-425.522026 -21.226101 2
-782.291340 -39.064567 2
-472.863327 -23.593166 2
591.433029 29.621651 2
-737.936958 -36.846848 2
-332.314397 -16.565720 1
69.397647 3.519882 2
153.179823 7.708991 1
493.857785 24.742889 2
-683.127928 -34.106396 2
419.581784 21.029089 3
514.685814 25.784291 3
-76.788066 -3.789403 2
157.504575 7.925229 1
817.680063 40.934003 2
520.221700 26.061085 2
-767.052478 -38.302624 1
809.433853 40.521693 2
-614.542685 -30.677134 2
140.729706 7.086485 1
627.504679 31.425234 2
-688.015716 -34.350786 1
-949.566556 -47.428328 2
-21.864097 -1.043205 2
-793.412375 -39.620619 1
-934.754900 -46.687745 2
874.449714 43.772486 2
996.293458 49.864673 2
-493.733227 -24.636661 2
-761.122061 -38.006103 1
-666.400173 -33.270009 2
-168.637177 -8.381859 2
-309.998949 -15.449947 2
-930.957862 -46.497893 2
521.053705 26.102685 2
-104.974888 -5.198744 2
351.583211 17.629161 3
429.742497 21.537125 2
-402.895278 -20.094764 1
-638.530859 -31.876543 2
192.466523 9.673326 1
-506.695892 -25.284795 1
573.377064 28.718853 2
593.586341 29.729317 2
-312.018157 -15.550908 2
-916.299456 -45.764973 2
434.040963 21.752048 3
487.213541 24.410677 2
-316.700630 -15.785032 2
725.978905 36.348945 3
386.682646 19.384132 2
-259.454235 -12.922712 2
584.540488 29.277024 2
734.571774 36.778589 2
-980.857262 -48.992863 2
-826.561427 -41.278071 2
571.231852 28.611593 2
659.130400 33.006520 2
-26.426074 -1.271304 2
89.806128 4.540306 1
564.290046 28.264502 3
760.849780 38.092489 2
95.447312 4.822366 2
227.659640 11.432982 1
280.679737 14.083987 2
547.026826 27.401341 2
-176.101793 -8.755090 2
-964.586228 -48.179311 2
-499.265143 -24.913257 2
-86.914768 -4.295738 3
-447.952349 -22.347617 2
-583.447099 -29.122355 1
885.923313 44.346166 2
493.542052 24.727103 2
-481.387443 -24.019372 1
-4.224526 -0.161226 3
488.172864 24.458643 3
-700.387563 -34.969378 2
-297.832958 -14.841648 2
241.543251 12.127163 2
-897.952663 -44.847633 2
742.168909 37.158445 3
38.696877 1.984844 2
283.239033 14.211952 1
137.850773 6.942539 2
51.666048 2.633302 2
441.993877 22.149694 2
-839.756294 -41.937815 1
-454.506489 -22.675324 2
821.036738 41.101837 2
966.726730 48.386337 2
-922.500090 -46.075004 1
-625.379889 -31.218994 2
-25.940086 -1.247004 2
-715.345885 -35.717294 2
-616.690955 -30.784548 2
16.298172 0.864909 2
983.459945 49.222997 2
911.262568 45.613128 3
-229.065034 -11.403252 3
204.429648 10.271482 2
686.396782 34.369839 2
-142.886184 -7.094309 2
-27.555157 -1.327758 2
79.313996 4.015700 2
829.636062 41.531803 2
287.408650 14.420433 1
669.271689 33.513584 2
-340.212082 -16.960604 2
491.405147 24.620257 2
15.207632 0.810382 2
-942.583184 -47.079159 1
-706.968707 -35.298435 1
634.273445 31.763672 2
-788.312073 -39.365604 1
259.398538 13.019927 1
-298.212411 -14.860621 2
-263.263297 -13.113165 3
101.072519 5.103626 1
145.570617 7.328531 2
-822.949094 -41.097455 2
36.894675 1.894734 3
-831.181859 -41.509093 1
785.003312 39.300166 2
-768.863175 -38.393159 2
982.031760 49.151588 2
-913.439936 -45.621997 2
-105.931007 -5.246550 3
-3.549581 -0.127479 2
170.721647 8.586082 2
-119.411479 -5.920574 2
735.957307 36.847865 3
614.706085 30.785304 2
-746.261240 -37.263062 1
549.875329 27.543766 3
237.809370 11.940469 2
735.505025 36.825251 3
30.006456 1.550323 2
805.825751 40.341288 3
302.915999 15.195800 2
-42.138481 -2.056924 2
-668.695390 -33.384770 2
-362.098617 -18.054931 1
582.860197 29.193010 2
-617.044167 -30.802208 2
319.007548 16.000377 2
669.388129 33.519406 3
-727.471887 -36.323594 2
-4.949182 -0.197459 2
492.446390 24.672319 2
127.772352 6.438618 1
-151.047127 -7.502356 2
313.409948 15.720497 2
-51.903335 -2.545167 2
30.855931 1.592797 3
852.809414 42.690471 2
880.938445 44.096922 2
444.031708 22.251585 3
423.805856 21.240293 2
58.513310 2.975666 2
657.800055 32.940003 2
-853.731086 -42.636554 2
-489.852965 -24.442648 1
107.301936 5.415097 2
-913.179660 -45.608983 2
-120.685441 -5.984272 2
641.506301 32.125315 2
-736.401861 -36.770093 2
-911.078086 -45.503904 2
255.119558 12.805978 2
842.212360 42.160618 3
749.289281 37.514464 3
-313.146012 -15.607301 2
299.930084 15.046504 1
647.163379 32.408169 2
-128.357602 -6.367880 2
73.809201 3.740460 3
-369.357248 -18.417862 1
465.756069 23.337803 2
-607.104894 -30.305245 1
-672.246514 -33.562326 1
983.269266 49.213463 3
-313.316302 -15.615815 2
-1.504232 -0.025212 2
-232.960352 -11.598018 2
-486.276671 -24.263834 2
-971.896571 -48.544829 2
-462.479879 -23.073994 2
-273.763544 -13.638177 3
666.621371 33.381069 2
-465.529751 -23.226488 2
977.834366 48.941718 2
-119.861929 -5.943096 2
-204.385630 -10.169282 2
849.967928 42.548396 2
269.048726 13.502436 2
-411.325386 -20.516269 1
-212.466455 -10.573323 2
-127.304692 -6.315235 3
-781.970103 -39.048505 2
516.915897 25.895795 3
523.652314 26.232616 3
-482.214309 -24.060715 2
47.601446 2.430072 2
-287.172261 -14.308613 2
-409.712314 -20.435616 2
-690.767555 -34.488378 2
396.767246 19.888362 3
-523.591229 -26.129561 2
398.223921 19.961196 3
-281.430232 -14.021512 2
-178.898312 -8.894916 2
-819.619154 -40.930958 2
80.050476 4.052524 2
610.132348 30.556617 2
-877.154597 -43.807730 1
-671.673874 -33.533694 2
460.230964 23.061548 3
-491.587558 -24.529378 2
-387.850081 -19.342504 1
-783.125930 -39.106296 2
967.089657 48.404483 3
91.396387 4.619819 2
-595.013141 -29.700657 2
890.655075 44.582754 2
906.724026 45.386201 2
-67.473470 -3.323674 2
896.402418 44.870121 2
194.533985 9.776699 1
73.621660 3.731083 3
-49.772635 -2.438632 2
-892.617620 -44.580881 2
271.205559 13.610278 2
-999.287565 -49.914378 1
754.671147 37.783557 2
-999.961957 -49.948098 1
704.181395 35.259070 2
892.217842 44.660892 2
441.745681 22.137284 2
-264.747301 -13.187365 2
-26.836992 -1.291850 2
-805.911283 -40.245564 2
-29.307029 -1.415351 2
-464.221759 -23.161088 2
66.413968 3.370698 2
943.513259 47.225663 2
54.059274 2.752964 3
-370.266395 -18.463320 1
-840.004114 -41.950206 2
859.178631 43.008932 2
180.483871 9.074194 2
852.146519 42.657326 2
-823.181805 -41.109090 2
-381.432580 -19.021629 1
906.032006 45.351600 3
122.142042 6.157102 2
660.332138 33.066607 2
402.762524 20.188126 2
-529.614411 -26.430721 2
182.714470 9.185723 2
-530.937027 -26.496851 1
-124.258613 -6.162931 3
-308.986702 -15.399335 2
-384.495506 -19.174775 2
642.829677 32.191484 2
-416.721772 -20.786089 2
-966.360134 -48.268007 1
-484.193286 -24.159664 2
302.736307 15.186815 2
480.506791 24.075340 3
-506.200059 -25.260003 2
72.712304 3.685615 2
981.121387 49.106069 2
-376.990793 -18.799540 1
-387.911493 -19.345575 1
648.494164 32.474708 3
-95.298435 -4.714922 2
17.555971 0.927799 1
223.333641 11.216682 2
-199.459410 -9.922970 2
-231.758022 -11.537901 2
799.121038 40.006052 2
-27.699991 -1.335000 2
690.633822 34.581691 3
-491.287230 -24.514361 1
449.077428 22.503871 2
328.780777 16.489039 3
378.377980 18.968899 3
-548.601256 -27.380063 2
352.955396 17.697770 3
-84.596510 -4.179826 3
-16.853430 -0.792672 2
327.006302 16.400315 3
891.374850 44.618742 2
330.469661 16.573483 3
-231.858109 -11.542905 2
-369.320415 -18.416021 1
282.721486 14.186074 1
660.943499 33.097175 2
286.917469 14.395873 2
665.845915 33.342296 3
-323.508071 -16.125404 1
-378.632934 -18.881647 1
-601.142702 -30.007135 1
870.146424 43.557321 2
-150.593117 -7.479656 3
305.900070 15.345003 2
-611.311116 -30.515556 2
-629.760659 -31.438033 2
709.384544 35.519227 3
-922.606168 -46.080308 2
-990.993236 -49.499662 2
536.608792 26.880440 3
-872.044086 -43.552204 2
-430.656508 -21.482825 2
237.084977 11.904249 2
796.779234 39.888962 2
-110.656285 -5.482814 2
-974.619428 -48.680971 2
716.577451 35.878873 2
-320.053950 -15.952698 1
-260.089531 -12.954477 2
-630.633983 -31.481699 2
-581.444459 -29.022223 1
355.293009 17.814650 3
830.523780 41.576189 2
441.266238 22.113312 2
-469.185216 -23.409261 1
598.552791 29.977640 3
502.804839 25.190242 3
131.922789 6.646139 2
-629.868252 -31.443413 1
-740.650355 -36.982518 2
220.055118 11.052756 1
-430.073488 -21.453674 2
116.600498 5.880025 2
-818.677656 -40.883883 2
-573.486995 -28.624350 1
-384.999280 -19.199964 2
933.536084 46.726804 3
840.596503 42.079825 2
-698.511414 -34.875571 2
6.390790 0.369539 3
-916.325154 -45.766258 2
486.796929 24.389846 3
-545.413407 -27.220670 2
-481.083777 -24.004189 2
-528.232397 -26.361620 2
229.242868 11.512143 2
-68.290531 -3.364527 2
-416.095907 -20.754795 1
-510.084308 -25.454215 2
-277.370131 -13.818507 2
-940.648913 -46.982446 2
-600.491463 -29.974573 1
-585.398361 -29.219918 2
353.896573 17.744829 3
-416.659716 -20.782986 2
-271.228792 -13.511440 2
220.440146 11.072007 2
580.236585 29.061829 2
-922.835136 -46.091757 2
-935.080247 -46.704012 1
-868.750436 -43.387522 1
-557.154636 -27.807732 1
557.495559 27.924778 2
-463.844203 -23.142210 1
715.590255 35.829513 3
312.266966 15.663348 1
891.178402 44.608920 2
-581.252561 -29.012628 2
-562.667710 -28.083386 2
-127.155429 -6.307771 3
-393.830345 -19.641517 2
958.504400 47.975220 2
-195.857449 -9.742872 3
-928.408492 -46.370425 2
-271.672804 -13.533640 3
-234.067224 -11.653361 3
187.899026 9.444951 1
-763.704122 -38.135206 1
317.517269 15.925863 2
-67.051202 -3.302560 2
835.067080 41.803354 2
-915.099086 -45.704954 2
382.498058 19.174903 2
-971.995448 -48.549772 2
217.205506 10.910275 1
495.219112 24.810956 2
622.357636 31.167882 2
-425.452452 -21.222623 2
925.763082 46.338154 2
279.773574 14.038679 2
376.107596 18.855380 3
-285.119412 -14.205971 2
-463.988659 -23.149433 2
-497.318223 -24.815911 1
-375.348887 -18.717444 1
572.171322 28.658566 3
-917.778553 -45.838928 2
854.781383 42.789069 3
337.627872 16.931394 2
385.624364 19.331218 3
-22.559011 -1.077951 2
-788.021395 -39.351070 2
631.339495 31.616975 2
637.073001 31.903650 2
128.021387 6.451069 2
-686.006214 -34.250311 2
-966.763349 -48.288167 2
672.564983 33.678249 2
835.801459 41.840073 2
292.908576 14.695429 2
-327.319091 -16.315955 2
922.612525 46.180626 2
-931.955415 -46.547771 2
-620.456452 -30.972823 1
-41.240647 -2.012032 1
497.563214 24.928161 2
-649.804009 -32.440200 1
838.505559 41.975278 2
646.101267 32.355063 2
-481.889448 -24.044472 1
-557.084034 -27.804202 2
375.694600 18.834730 2
111.585151 5.629258 1
-305.223287 -15.211164 2
-107.176123 -5.308806 2
-566.608099 -28.280405 1
70.357132 3.567857 2
-706.375536 -35.268777 2
-735.840340 -36.742017 1
-238.146235 -11.857312 2
579.399255 29.019963 2
755.306037 37.815302 2
95.061035 4.803052 2
570.736098 28.586805 2
137.076450 6.903823 2
693.792782 34.739639 3
326.132373 16.356619 3
-536.855373 -26.792769 1
-468.243375 -23.362169 1
-573.597210 -28.629861 2
-30.763953 -1.488198 2
-428.208356 -21.360418 2
-292.009870 -14.550494 2
120.359812 6.067991 2
322.352748 16.167637 3
-24.908574 -1.195429 1
-960.738107 -47.986905 1
932.805372 46.690269 2
805.207602 40.310380 3
-896.976834 -44.798842 1
736.673266 36.883663 2
-627.054243 -31.302712 2
628.750843 31.487542 2
-842.358856 -42.067943 2
340.569554 17.078478 2
-520.265164 -25.963258 1
-306.141212 -15.257061 2
-495.603423 -24.730171 2
793.688597 39.734430 3
113.447534 5.722377 2
620.694654 31.084733 2
-815.709430 -40.735472 1
14.598682 0.779934 2
4.155152 0.257758 2
840.480291 42.074015 2
-423.606764 -21.130338 1
-956.864789 -47.793239 2
-267.096250 -13.304812 2
-131.850756 -6.542538 2
502.353497 25.167675 2
-995.399609 -49.719980 1
-130.843187 -6.492159 2
-231.732067 -11.536603 3
376.381231 18.869062 2
297.683564 14.934178 2
15.783169 0.839158 2
304.598101 15.279905 2
640.175299 32.058765 3
-441.035059 -22.001753 2
-626.152170 -31.257608 1
-532.710548 -26.585527 1
-773.476827 -38.623841 1
911.518268 45.625913 2
-121.263989 -6.013199 2
50.616792 2.580840 2
454.742211 22.787111 2
677.369811 33.918491 3
265.228830 13.311441 2
-757.693344 -37.834667 2
718.786410 35.989321 2
626.240566 31.362028 2
576.074764 28.853738 2
180.429282 9.071464 2
101.729064 5.136453 1
-604.463098 -30.173155 2
-79.821453 -3.941073 2
-142.468018 -7.073401 3
841.552790 42.127640 2
-373.381078 -18.619054 1
765.178718 38.308936 2
296.655890 14.882795 2
-639.488318 -31.924416 2
657.904713 32.945236 2
-904.126587 -45.156329 1
226.022796 11.351140 2
-323.707522 -16.135376 1
-530.299426 -26.464971 1
-93.851872 -4.642594 3
478.472129 23.973606 3
384.615030 19.280752 3
-839.708123 -41.935406 1
-406.704753 -20.285238 2
-941.911111 -47.045556 2
464.378949 23.268947 2
-902.215050 -45.060752 2
-761.308749 -38.015437 1
802.749303 40.187465 2
172.492952 8.674648 2
-968.072363 -48.353618 2
216.646628 10.882331 2
181.053000 9.102650 2
-134.191469 -6.659573 2
182.217992 9.160900 2
26.472424 1.373621 2
39.779224 2.038961 2
-28.431223 -1.371561 1
-336.784322 -16.789216 1
-470.417320 -23.470866 1
-402.543723 -20.077186 2
-168.262931 -8.363147 2
382.955293 19.197765 2
-927.418299 -46.320915 2
-813.240111 -40.612006 2
-494.090224 -24.654511 2
677.202982 33.910149 2
-778.928126 -38.896406 1
-857.275665 -42.813783 2
301.656963 15.132848 2
-286.248697 -14.262435 2
386.477850 19.373892 2
-515.706224 -25.735311 2
-465.041820 -23.202091 2
-57.636819 -2.831841 2
786.241753 39.362088 2
976.986097 48.899305 2
-319.948799 -15.947440 2
-422.953450 -21.097672 2
472.033516 23.651676 2
309.777001 15.538850 2
480.925845 24.096292 2
-729.721684 -36.436084 2
705.521340 35.326067 3
682.268344 34.163417 2
-499.003802 -24.900190 1
-781.365182 -39.018259 2
-997.963678 -49.848184 2
-560.880268 -27.994013 2
511.648811 25.632441 2
-796.463176 -39.773159 1
160.223991 8.061200 2
415.501535 20.825077 2
297.872357 14.943618 2
-865.006375 -43.200319 2
861.087880 43.104394 2
-630.618556 -31.480928 2
572.525983 28.676299 2
-788.647680 -39.382384 2
-890.358575 -44.467929 2
-234.060590 -11.653029 2
-377.956436 -18.847822 1
529.970699 26.548535 3
-363.821688 -18.141084 1
-603.734287 -30.136714 2
818.826968 40.991348 2
892.421730 44.671087 2
180.832533 9.091627 1
78.718573 3.985929 2
931.198444 46.609922 2
-242.383589 -12.069179 2
419.488057 21.024403 2
-778.424869 -38.871243 2
219.092200 11.004610 2
-695.871495 -34.743575 2
991.891731 49.644587 2
-264.721504 -13.186075 2
534.593192 26.779660 2
-780.856667 -38.992833 1
554.424406 27.771220 2
368.389461 18.469473 2
-194.900336 -9.695017 2
-376.475826 -18.773791 1
-274.045690 -13.652285 2
-309.842780 -15.442139 2
-587.365985 -29.318299 2
180.014570 9.050729 2
192.673224 9.683661 2
-49.294402 -2.414720 2
369.323977 18.516199 3
686.074509 34.353725 2
-958.079289 -47.853964 2
470.601578 23.580079 2
169.215191 8.510760 1
875.006606 43.800330 3
-711.900419 -35.545021 2
41.015050 2.100752 2
995.355559 49.817778 2
72.201712 3.660086 2
-722.231138 -36.061557 2
562.773297 28.188665 2
-275.157417 -13.707871 2
898.456242 44.972812 2
-583.882003 -29.144100 2
411.234122 20.611706 3
847.117760 42.405888 2
-660.779483 -32.988974 2
-640.140269 -31.957013 2
957.139908 47.906995 2
22.231015 1.161551 3
687.876100 34.443805 2
931.728874 46.636444 2
-335.130489 -16.706524 1
-550.225020 -27.461251 2
-569.297070 -28.414853 2
-467.180598 -23.309030 1
332.854100 16.692705 3
-797.104003 -39.805200 2
-323.491971 -16.124599 2
-77.964649 -3.848232 2
-912.513804 -45.575690 1
174.526282 8.776314 2
262.533867 13.176693 2
-209.895373 -10.444769 3
817.594252 40.929713 2
-582.702296 -29.085115 2
-407.231828 -20.311591 1
-76.139985 -3.756999 2
946.384155 47.369208 2
994.091161 49.754558 3
-785.225910 -39.211296 1
-261.760025 -13.038001 3
697.563948 34.928197 2
907.945830 45.447292 2
523.820098 26.241005 2
278.860447 13.993022 2
-268.795681 -13.389784 2
-426.689201 -21.284460 2
128.377810 6.468890 2
-332.442820 -16.572141 1
4.631521 0.281576 2
-446.678330 -22.283916 2
686.847539 34.392377 3
12.236097 0.661805 2
12.646023 0.682301 2
-456.235521 -22.761776 1
381.596037 19.129802 3
-373.298952 -18.614948 1
-933.227179 -46.611359 2
-205.692366 -10.234618 3
126.051357 6.352568 2
866.983871 43.399194 2
129.611924 6.530596 2
-489.589060 -24.429453 2
101.676712 5.133836 2
172.936611 8.696831 2
-716.060565 -35.753028 2
562.304834 28.165242 2
-565.071322 -28.203566 1
-81.543212 -4.027161 3
198.166773 9.958339 2
580.663352 29.083168 3
674.982759 33.799138 2
238.651246 11.982562 2
-680.495657 -33.974783 1
-51.863615 -2.543181 2
47.033393 2.401670 2
49.531174 2.526559 3
-728.644757 -36.382238 2
-476.816796 -23.790840 2
601.970031 30.148502 2
251.916527 12.645826 2
-64.117525 -3.155876 2
-19.321445 -0.916072 1
-977.954936 -48.847747 2
593.278487 29.713924 2
-695.121704 -34.706085 1
251.828678 12.641434 1
579.883870 29.044194 2
86.501448 4.375072 2
-783.057796 -39.102890 1
552.961287 27.698064 2
405.471333 20.323567 3
-955.372094 -47.718605 2
20.836991 1.091850 2
463.167591 23.208380 3
66.536127 3.376806 2
-596.025940 -29.751297 2
-170.892238 -8.494612 2
-760.114103 -37.955705 2
619.552705 31.027635 3
892.512439 44.675622 2
-224.539005 -11.176950 2
844.755124 42.287756 2
253.134362 12.706718 1
61.859450 3.142973 2
534.753189 26.787659 3
-983.929269 -49.146463 2
-938.500543 -46.875027 2
149.680500 7.534025 2
269.827023 13.541351 2
924.501067 46.275053 2
-528.690988 -26.384549 1
-104.940835 -5.197042 3
-934.466806 -46.673340 2
871.694506 43.634725 2
-947.936979 -47.346849 2
-288.309875 -14.365494 2
489.608246 24.530412 3
250.973201 12.598660 1
359.416419 18.020821 3
677.166606 33.908330 2
69.732947 3.536647 2
-313.293099 -15.614655 2
260.372174 13.068609 1
9.139189 0.506959 1
-906.361564 -45.268078 2
96.612675 4.880634 1
-970.650734 -48.482537 1
-775.013125 -38.700656 2
-125.754731 -6.237737 2
907.368006 45.418400 2
-210.171099 -10.458555 2
-796.465812 -39.773291 2
-896.610817 -44.780541 2
325.156381 16.307819 3
-966.292550 -48.264627 2
-611.761987 -30.538099 2
-610.458479 -30.472924 2
799.860257 40.043013 2
-65.049565 -3.202478 2
316.902627 15.895131 2
867.987283 43.449364 2
404.805847 20.290292 2
691.762061 34.638103 3
505.389967 25.319498 2
-695.612881 -34.730644 2
-679.919277 -33.945964 2
-430.856593 -21.492830 1
303.361524 15.218076 2
664.636926 33.281846 3
-168.552641 -8.377632 2
340.245899 17.062295 3
-104.714439 -5.185722 2
76.708374 3.885419 2
-158.945191 -7.897260 2
-363.149652 -18.107483 2
-888.759751 -44.387988 1
-629.918554 -31.445928 2
438.994543 21.999727 2
567.297728 28.414886 2
357.732049 17.936602 2
145.379745 7.318987 2
22.415322 1.170766 3
-545.601184 -27.230059 2
-299.993285 -14.949664 2
-749.575465 -37.428773 2
-737.597926 -36.829896 2
-60.314479 -2.965724 1
812.125646 40.656282 2
-350.571611 -17.478581 2
687.385242 34.419262 3
743.770985 37.238549 2
-660.542610 -32.977131 2
-757.758366 -37.837918 2
435.304910 21.815245 2
123.451550 6.222577 2
492.666897 24.683345 3
276.812976 13.890649 1
-343.262618 -17.113131 2
20.832021 1.091601 1
118.501653 5.975083 2
-499.899263 -24.944963 2
189.945965 9.547298 2
400.467095 20.073355 3
-708.607600 -35.380380 2
-265.556552 -13.227828 2
805.881090 40.344054 2
346.285724 17.364286 3
-139.467478 -6.923374 3
513.782272 25.739114 2
-792.661838 -39.583092 1
-784.999563 -39.199978 2
-77.391700 -3.819585 2
-242.422608 -12.071130 2
751.202721 37.610136 2
412.607976 20.680399 2
941.844465 47.142223 2
-180.788321 -8.989416 3
-298.581154 -14.879058 3
-217.004888 -10.800244 2
656.650969 32.882548 3
-374.906211 -18.695311 1
607.204160 30.410208 2
51.889179 2.644459 2
273.422924 13.721146 2
830.659831 41.582992 2
-294.505214 -14.675261 2
-395.469368 -19.723468 2
770.530098 38.576505 2
-102.681839 -5.084092 2
318.922553 15.996128 1
107.131313 5.406566 2
-638.453006 -31.872650 1
438.637253 21.981863 3
-589.361522 -29.418076 2
-57.679596 -2.833980 1
213.719045 10.735952 2
613.925036 30.746252 2
831.021973 41.601099 2
39.532396 2.026620 2
-41.035259 -2.001763 2
958.223445 47.961172 2
-845.257649 -42.212882 2
-929.326404 -46.416320 2
632.076917 31.653846 2
979.621211 49.031061 2
183.514817 9.225741 2
-880.217405 -43.960870 2
674.335503 33.766775 3
758.634364 37.981718 2
-911.666671 -45.533334 2
-990.748963 -49.487448 2
595.497505 29.824875 3
-833.363356 -41.618168 2
-736.045445 -36.752272 2
-631.048384 -31.502419 1
-442.471081 -22.073554 2
-250.343210 -12.467160 2
-75.383335 -3.719167 2
296.059325 14.852966 1
266.868321 13.393416 1
813.596595 40.729830 2
159.312084 8.015604 2
-268.193236 -13.359662 2
-669.423702 -33.421185 1
517.710622 25.935531 2
-785.491592 -39.224580 2
-12.639310 -0.581965 2
644.029806 32.251490 2
858.033943 42.951697 2
320.974680 16.098734 2
-224.205547 -11.160277 3
350.434850 17.571742 3
-360.638007 -17.981900 1
580.281875 29.064094 2
-548.771405 -27.388570 2
213.777226 10.738861 2
713.267286 35.713364 2
157.483805 7.924190 2
-157.900450 -7.845022 3
-692.382898 -34.569145 2
586.008501 29.350425 2
551.767757 27.638388 3
-29.145948 -1.407297 2
897.270483 44.913524 3
792.195178 39.659759 3
377.885293 18.944265 2
-498.939748 -24.896987 2
463.883159 23.244158 2
576.588312 28.879416 2
-369.489420 -18.424471 1
-556.523049 -27.776152 1
-790.725696 -39.486285 1
-983.885768 -49.144288 1
-776.456422 -38.772821 1
-508.052519 -25.352626 2
814.706685 40.785334 2
-655.851486 -32.742574 1
7.414974 0.420749 3
-922.197361 -46.059868 2
79.167431 4.008372 2
418.454514 20.972726 2
-751.097877 -37.504894 2
-109.635789 -5.431789 3
648.331170 32.466558 3
-333.800299 -16.640015 1
-81.605924 -4.030296 2
867.042823 43.402141 2
473.859394 23.742970 2
-398.729121 -19.886456 2
-934.660068 -46.683003 2
-75.629698 -3.731485 1
-613.301767 -30.615088 2
931.640930 46.632046 2
462.720251 23.186013 2
-355.429772 -17.721489 1
-999.645971 -49.932299 2
-364.744761 -18.187238 1
24.470271 1.273514 2
458.344494 22.967225 2
649.703436 32.535172 2
-235.825800 -11.741290 3
-578.388188 -28.869409 1
6.975849 0.398792 3
-321.450480 -16.022524 1
-4.774187 -0.188709 2
759.202683 38.010134 2
-93.606359 -4.630318 2
170.546161 8.577308 1
703.932367 35.246618 3
-94.721156 -4.686058 2
273.291112 13.714556 2
-599.671552 -29.933578 1
-173.164100 -8.608205 2
-186.099969 -9.254998 3
-864.322342 -43.166117 2
611.289060 30.614453 3
772.610677 38.680534 2
-166.958609 -8.297930 3
-544.465241 -27.173262 2
726.897283 36.394864 2
469.826199 23.541310 3
-839.061018 -41.903051 2
-841.208700 -42.010435 2
-447.202013 -22.310101 1
-875.786980 -43.739349 2
-483.964680 -24.148234 2
831.600267 41.630013 2
-623.323866 -31.116193 2
987.111428 49.405571 2
-914.349930 -45.667497 2
132.098990 6.654949 1
-760.430297 -37.971515 2
